Версия 1.0.1

- Добавлен (экспериментальный) модуль eig.h, решающий симметричную и
  несимметричную проблемы собственных значений.

1.0.1 Release 20/01/2006

- Добавлен модуль mda.h, реализующий метод минимальной степени для переупорядочения
  строк и столбцов разреженной симметричной положительно определенной матрицы.

- Изменения в модуле qsort.h. Добавлена универсальная функция для
  сортировки nl_qsort. Старые функции nl_xvector_qsort, nl_xvector_qsort_d,
  nl_xvector_qsort_x теперь не доступны. 

- Добавлен модуль optim.h. Реализует алгоритм Нелдера-Мида минимизации функции.

1.0.2 Release 10/04/2006

- Появился модуль iter. В нем - новый вариант ф-ии bicg.

1.0.3 Release 08/10/2006

- Я отказался от типа данных nl_index. Вместо него теперь напрямую нужно использовать
  size_t

- Появился модуль fft. Реализует алгоритмы прямого и обратного быстрого преобразования
  Фурье (длина векторов - степень двойки).

- Появился модуль conv. Реализует алгоритм Quick hull и алгоритм Эндрю построения 
  выпуклой оболочки точек на плоскости.

1.0.4

- Коренной пересмотр: новая схема хранения матриц (просто в непрерывной памяти все
  элементы по строкам)

- Коренной пересмотр: более простая схема управления памятью.
  Память выделяет только пользовательская программа.
  Рабочие массивы передаются через параметры функций.

- Коренной пересмотр: на низком уровне мы используем blas, поэтому многие
  функции удалены из модуля util.h util.c

- Появился модуль ode. Реализует методы Рунге-Кутты-Фельберга и Розенброка

- Появился модуль interp для построения кусочно-кубических интерплянтов

- Появился модуль quad, реализующий три метода численного нахождения определенных
  интегралов

- Появился модуль roots, реализующий метод решения нелинейных уравнений

- Появился метод optim_min 

- Появился файл xconstants.c

- Слегка изменился (упростился) интерфейс функции opt_nelder_mead

- Изменилась нумерация поддиагональных элементов в band_tridiag

- Исправлена ошибка в sp_order

- Появились xlevenbergmarquardt и xhooke
